<?xml version="1.0" encoding="UTF-8"?>
<!-- Generated by org.testng.reporters.JUnitXMLReporter -->
<testsuite hostname="stu147b1a" ignored="0" name="MusicCloudTest" tests="13" failures="6" timestamp="20 六月 2019 09:27:11 GMT" time="190.747" errors="0">
  <testcase name="f1" time="14.238" classname="com.imooc.selenium.selenium.MusicCloudTest"/>
  <testcase name="f2" time="14.443" classname="com.imooc.selenium.selenium.MusicCloudTest2">
    <failure type="java.lang.AssertionError" message="expected [false] but found [true]">
      <![CDATA[java.lang.AssertionError: expected [false] but found [true]
at com.imooc.selenium.selenium.MusicCloudTest2.f2(MusicCloudTest2.java:123)
... Removed 29 stack frames]]>
    </failure>
  </testcase> <!-- f2 -->
  <testcase name="f2" time="13.156" classname="com.imooc.selenium.selenium.MusicCloudTest2">
    <failure type="java.lang.AssertionError" message="expected [false] but found [true]">
      <![CDATA[java.lang.AssertionError: expected [false] but found [true]
at com.imooc.selenium.selenium.MusicCloudTest2.f2(MusicCloudTest2.java:123)
... Removed 29 stack frames]]>
    </failure>
  </testcase> <!-- f2 -->
  <testcase name="f2" time="13.321" classname="com.imooc.selenium.selenium.MusicCloudTest2">
    <failure type="java.lang.AssertionError" message="expected [false] but found [true]">
      <![CDATA[java.lang.AssertionError: expected [false] but found [true]
at com.imooc.selenium.selenium.MusicCloudTest2.f2(MusicCloudTest2.java:123)
... Removed 29 stack frames]]>
    </failure>
  </testcase> <!-- f2 -->
  <testcase name="f2" time="13.967" classname="com.imooc.selenium.selenium.MusicCloudTest2">
    <failure type="java.lang.AssertionError" message="expected [false] but found [true]">
      <![CDATA[java.lang.AssertionError: expected [false] but found [true]
at com.imooc.selenium.selenium.MusicCloudTest2.f2(MusicCloudTest2.java:123)
... Removed 29 stack frames]]>
    </failure>
  </testcase> <!-- f2 -->
  <testcase name="f2" time="13.009" classname="com.imooc.selenium.selenium.MusicCloudTest2">
    <failure type="java.lang.AssertionError" message="expected [false] but found [true]">
      <![CDATA[java.lang.AssertionError: expected [false] but found [true]
at com.imooc.selenium.selenium.MusicCloudTest2.f2(MusicCloudTest2.java:123)
... Removed 29 stack frames]]>
    </failure>
  </testcase> <!-- f2 -->
  <testcase name="f2" time="13.004" classname="com.imooc.selenium.selenium.MusicCloudTest2">
    <failure type="java.lang.AssertionError" message="expected [false] but found [true]">
      <![CDATA[java.lang.AssertionError: expected [false] but found [true]
at com.imooc.selenium.selenium.MusicCloudTest2.f2(MusicCloudTest2.java:123)
... Removed 29 stack frames]]>
    </failure>
  </testcase> <!-- f2 -->
  <testcase name="f3" time="10.671" classname="com.imooc.selenium.selenium.MusicCloudTest2"/>
  <testcase name="f3" time="10.134" classname="com.imooc.selenium.selenium.MusicCloudTest2"/>
  <testcase name="f3" time="11.438" classname="com.imooc.selenium.selenium.MusicCloudTest2"/>
  <testcase name="f3" time="10.588" classname="com.imooc.selenium.selenium.MusicCloudTest2"/>
  <testcase name="f3" time="10.267" classname="com.imooc.selenium.selenium.MusicCloudTest2"/>
  <testcase name="f3" time="10.475" classname="com.imooc.selenium.selenium.MusicCloudTest2"/>
</testsuite> <!-- MusicCloudTest -->
