<?xml version="1.0" encoding="UTF-8"?>
<testng-results skipped="0" failed="6" ignored="0" total="13" passed="7">
  <reporter-output>
  </reporter-output>
  <suite name="test" duration-ms="190747" started-at="2019-06-20T09:24:00Z" finished-at="2019-06-20T09:27:11Z">
    <groups>
    </groups>
    <test name="MusicCloudTest" duration-ms="190747" started-at="2019-06-20T09:24:00Z" finished-at="2019-06-20T09:27:11Z">
      <class name="com.imooc.selenium.selenium.MusicCloudTest2">
        <test-method status="FAIL" signature="f2(java.lang.String, java.lang.String, org.openqa.selenium.By, org.openqa.selenium.By, org.openqa.selenium.By, org.openqa.selenium.By, java.lang.String, java.lang.String)[pri:0, instance:com.imooc.selenium.selenium.MusicCloudTest2@90bb332]" name="f2" duration-ms="14443" started-at="2019-06-20T09:24:44Z" data-provider="data2" finished-at="2019-06-20T09:24:59Z">
          <params>
            <param index="0">
              <value>
                <![CDATA[输入的内容是HTML代码]]>
              </value>
            </param>
            <param index="1">
              <value>
                <![CDATA[https://music.163.com/#/song?id=22006167]]>
              </value>
            </param>
            <param index="2">
              <value>
                <![CDATA[By.className: area]]>
              </value>
            </param>
            <param index="3">
              <value>
                <![CDATA[By.className: u-btn-1]]>
              </value>
            </param>
            <param index="4">
              <value>
                <![CDATA[By.className: sysmsg]]>
              </value>
            </param>
            <param index="5">
              <value>
                <![CDATA[By.id: g_iframe]]>
              </value>
            </param>
            <param index="6">
              <value>
                <![CDATA[<h1>好听，不錯哦</h1>]]>
              </value>
            </param>
            <param index="7">
              <value>
                <![CDATA[评论成功]]>
              </value>
            </param>
          </params>
          <exception class="java.lang.AssertionError">
            <message>
              <![CDATA[expected [false] but found [true]]]>
            </message>
            <full-stacktrace>
              <![CDATA[java.lang.AssertionError: expected [false] but found [true]
at org.testng.Assert.fail(Assert.java:96)
at org.testng.Assert.failNotEquals(Assert.java:776)
at org.testng.Assert.assertFalse(Assert.java:65)
at org.testng.Assert.assertFalse(Assert.java:75)
at com.imooc.selenium.selenium.MusicCloudTest2.f2(MusicCloudTest2.java:123)
at sun.reflect.NativeMethodAccessorImpl.invoke0(Native Method)
at sun.reflect.NativeMethodAccessorImpl.invoke(NativeMethodAccessorImpl.java:57)
at sun.reflect.DelegatingMethodAccessorImpl.invoke(DelegatingMethodAccessorImpl.java:43)
at java.lang.reflect.Method.invoke(Method.java:606)
at org.testng.internal.MethodInvocationHelper.invokeMethod(MethodInvocationHelper.java:124)
at org.testng.internal.Invoker.invokeMethod(Invoker.java:583)
at org.testng.internal.Invoker.invokeTestMethod(Invoker.java:719)
at org.testng.internal.Invoker.invokeTestMethods(Invoker.java:989)
at org.testng.internal.TestMethodWorker.invokeTestMethods(TestMethodWorker.java:125)
at org.testng.internal.TestMethodWorker.run(TestMethodWorker.java:109)
at org.testng.TestRunner.privateRun(TestRunner.java:648)
at org.testng.TestRunner.run(TestRunner.java:505)
at org.testng.SuiteRunner.runTest(SuiteRunner.java:455)
at org.testng.SuiteRunner.runSequentially(SuiteRunner.java:450)
at org.testng.SuiteRunner.privateRun(SuiteRunner.java:415)
at org.testng.SuiteRunner.run(SuiteRunner.java:364)
at org.testng.SuiteRunnerWorker.runSuite(SuiteRunnerWorker.java:52)
at org.testng.SuiteRunnerWorker.run(SuiteRunnerWorker.java:84)
at org.testng.TestNG.runSuitesSequentially(TestNG.java:1208)
at org.testng.TestNG.runSuitesLocally(TestNG.java:1137)
at org.testng.TestNG.runSuites(TestNG.java:1049)
at org.testng.TestNG.run(TestNG.java:1017)
at org.testng.remote.AbstractRemoteTestNG.run(AbstractRemoteTestNG.java:114)
at org.testng.remote.RemoteTestNG.initAndRun(RemoteTestNG.java:251)
at org.testng.remote.RemoteTestNG.main(RemoteTestNG.java:77)
]]>
            </full-stacktrace>
          </exception> <!-- java.lang.AssertionError -->
          <reporter-output>
          </reporter-output>
        </test-method> <!-- f2 -->
        <test-method status="FAIL" signature="f2(java.lang.String, java.lang.String, org.openqa.selenium.By, org.openqa.selenium.By, org.openqa.selenium.By, org.openqa.selenium.By, java.lang.String, java.lang.String)[pri:0, instance:com.imooc.selenium.selenium.MusicCloudTest2@90bb332]" name="f2" duration-ms="13156" started-at="2019-06-20T09:24:59Z" data-provider="data2" finished-at="2019-06-20T09:25:12Z">
          <params>
            <param index="0">
              <value>
                <![CDATA[输入的内容是JS代码]]>
              </value>
            </param>
            <param index="1">
              <value>
                <![CDATA[https://music.163.com/#/song?id=22006168]]>
              </value>
            </param>
            <param index="2">
              <value>
                <![CDATA[By.className: area]]>
              </value>
            </param>
            <param index="3">
              <value>
                <![CDATA[By.className: u-btn-1]]>
              </value>
            </param>
            <param index="4">
              <value>
                <![CDATA[By.className: sysmsg]]>
              </value>
            </param>
            <param index="5">
              <value>
                <![CDATA[By.id: g_iframe]]>
              </value>
            </param>
            <param index="6">
              <value>
                <![CDATA[<script>alert('好听，不錯哦')</script>]]>
              </value>
            </param>
            <param index="7">
              <value>
                <![CDATA[评论成功]]>
              </value>
            </param>
          </params>
          <exception class="java.lang.AssertionError">
            <message>
              <![CDATA[expected [false] but found [true]]]>
            </message>
            <full-stacktrace>
              <![CDATA[java.lang.AssertionError: expected [false] but found [true]
at org.testng.Assert.fail(Assert.java:96)
at org.testng.Assert.failNotEquals(Assert.java:776)
at org.testng.Assert.assertFalse(Assert.java:65)
at org.testng.Assert.assertFalse(Assert.java:75)
at com.imooc.selenium.selenium.MusicCloudTest2.f2(MusicCloudTest2.java:123)
at sun.reflect.NativeMethodAccessorImpl.invoke0(Native Method)
at sun.reflect.NativeMethodAccessorImpl.invoke(NativeMethodAccessorImpl.java:57)
at sun.reflect.DelegatingMethodAccessorImpl.invoke(DelegatingMethodAccessorImpl.java:43)
at java.lang.reflect.Method.invoke(Method.java:606)
at org.testng.internal.MethodInvocationHelper.invokeMethod(MethodInvocationHelper.java:124)
at org.testng.internal.Invoker.invokeMethod(Invoker.java:583)
at org.testng.internal.Invoker.invokeTestMethod(Invoker.java:719)
at org.testng.internal.Invoker.invokeTestMethods(Invoker.java:989)
at org.testng.internal.TestMethodWorker.invokeTestMethods(TestMethodWorker.java:125)
at org.testng.internal.TestMethodWorker.run(TestMethodWorker.java:109)
at org.testng.TestRunner.privateRun(TestRunner.java:648)
at org.testng.TestRunner.run(TestRunner.java:505)
at org.testng.SuiteRunner.runTest(SuiteRunner.java:455)
at org.testng.SuiteRunner.runSequentially(SuiteRunner.java:450)
at org.testng.SuiteRunner.privateRun(SuiteRunner.java:415)
at org.testng.SuiteRunner.run(SuiteRunner.java:364)
at org.testng.SuiteRunnerWorker.runSuite(SuiteRunnerWorker.java:52)
at org.testng.SuiteRunnerWorker.run(SuiteRunnerWorker.java:84)
at org.testng.TestNG.runSuitesSequentially(TestNG.java:1208)
at org.testng.TestNG.runSuitesLocally(TestNG.java:1137)
at org.testng.TestNG.runSuites(TestNG.java:1049)
at org.testng.TestNG.run(TestNG.java:1017)
at org.testng.remote.AbstractRemoteTestNG.run(AbstractRemoteTestNG.java:114)
at org.testng.remote.RemoteTestNG.initAndRun(RemoteTestNG.java:251)
at org.testng.remote.RemoteTestNG.main(RemoteTestNG.java:77)
]]>
            </full-stacktrace>
          </exception> <!-- java.lang.AssertionError -->
          <reporter-output>
          </reporter-output>
        </test-method> <!-- f2 -->
        <test-method status="FAIL" signature="f2(java.lang.String, java.lang.String, org.openqa.selenium.By, org.openqa.selenium.By, org.openqa.selenium.By, org.openqa.selenium.By, java.lang.String, java.lang.String)[pri:0, instance:com.imooc.selenium.selenium.MusicCloudTest2@90bb332]" name="f2" duration-ms="13321" started-at="2019-06-20T09:25:12Z" data-provider="data2" finished-at="2019-06-20T09:25:25Z">
          <params>
            <param index="0">
              <value>
                <![CDATA[输入的内容是合法的]]>
              </value>
            </param>
            <param index="1">
              <value>
                <![CDATA[https://music.163.com/#/song?id=22006169]]>
              </value>
            </param>
            <param index="2">
              <value>
                <![CDATA[By.className: area]]>
              </value>
            </param>
            <param index="3">
              <value>
                <![CDATA[By.className: u-btn-1]]>
              </value>
            </param>
            <param index="4">
              <value>
                <![CDATA[By.className: sysmsg]]>
              </value>
            </param>
            <param index="5">
              <value>
                <![CDATA[By.id: g_iframe]]>
              </value>
            </param>
            <param index="6">
              <value>
                <![CDATA[好听，不錯哦]]>
              </value>
            </param>
            <param index="7">
              <value>
                <![CDATA[评论成功]]>
              </value>
            </param>
          </params>
          <exception class="java.lang.AssertionError">
            <message>
              <![CDATA[expected [false] but found [true]]]>
            </message>
            <full-stacktrace>
              <![CDATA[java.lang.AssertionError: expected [false] but found [true]
at org.testng.Assert.fail(Assert.java:96)
at org.testng.Assert.failNotEquals(Assert.java:776)
at org.testng.Assert.assertFalse(Assert.java:65)
at org.testng.Assert.assertFalse(Assert.java:75)
at com.imooc.selenium.selenium.MusicCloudTest2.f2(MusicCloudTest2.java:123)
at sun.reflect.NativeMethodAccessorImpl.invoke0(Native Method)
at sun.reflect.NativeMethodAccessorImpl.invoke(NativeMethodAccessorImpl.java:57)
at sun.reflect.DelegatingMethodAccessorImpl.invoke(DelegatingMethodAccessorImpl.java:43)
at java.lang.reflect.Method.invoke(Method.java:606)
at org.testng.internal.MethodInvocationHelper.invokeMethod(MethodInvocationHelper.java:124)
at org.testng.internal.Invoker.invokeMethod(Invoker.java:583)
at org.testng.internal.Invoker.invokeTestMethod(Invoker.java:719)
at org.testng.internal.Invoker.invokeTestMethods(Invoker.java:989)
at org.testng.internal.TestMethodWorker.invokeTestMethods(TestMethodWorker.java:125)
at org.testng.internal.TestMethodWorker.run(TestMethodWorker.java:109)
at org.testng.TestRunner.privateRun(TestRunner.java:648)
at org.testng.TestRunner.run(TestRunner.java:505)
at org.testng.SuiteRunner.runTest(SuiteRunner.java:455)
at org.testng.SuiteRunner.runSequentially(SuiteRunner.java:450)
at org.testng.SuiteRunner.privateRun(SuiteRunner.java:415)
at org.testng.SuiteRunner.run(SuiteRunner.java:364)
at org.testng.SuiteRunnerWorker.runSuite(SuiteRunnerWorker.java:52)
at org.testng.SuiteRunnerWorker.run(SuiteRunnerWorker.java:84)
at org.testng.TestNG.runSuitesSequentially(TestNG.java:1208)
at org.testng.TestNG.runSuitesLocally(TestNG.java:1137)
at org.testng.TestNG.runSuites(TestNG.java:1049)
at org.testng.TestNG.run(TestNG.java:1017)
at org.testng.remote.AbstractRemoteTestNG.run(AbstractRemoteTestNG.java:114)
at org.testng.remote.RemoteTestNG.initAndRun(RemoteTestNG.java:251)
at org.testng.remote.RemoteTestNG.main(RemoteTestNG.java:77)
]]>
            </full-stacktrace>
          </exception> <!-- java.lang.AssertionError -->
          <reporter-output>
          </reporter-output>
        </test-method> <!-- f2 -->
        <test-method status="FAIL" signature="f2(java.lang.String, java.lang.String, org.openqa.selenium.By, org.openqa.selenium.By, org.openqa.selenium.By, org.openqa.selenium.By, java.lang.String, java.lang.String)[pri:0, instance:com.imooc.selenium.selenium.MusicCloudTest2@90bb332]" name="f2" duration-ms="13967" started-at="2019-06-20T09:25:25Z" data-provider="data2" finished-at="2019-06-20T09:25:39Z">
          <params>
            <param index="0">
              <value>
                <![CDATA[输入的内容包含换行符]]>
              </value>
            </param>
            <param index="1">
              <value>
                <![CDATA[https://music.163.com/#/song?id=22006170]]>
              </value>
            </param>
            <param index="2">
              <value>
                <![CDATA[By.className: area]]>
              </value>
            </param>
            <param index="3">
              <value>
                <![CDATA[By.className: u-btn-1]]>
              </value>
            </param>
            <param index="4">
              <value>
                <![CDATA[By.className: sysmsg]]>
              </value>
            </param>
            <param index="5">
              <value>
                <![CDATA[By.id: g_iframe]]>
              </value>
            </param>
            <param index="6">
              <value>
                <![CDATA[好听，不錯哦！
好听，不錯哦！
]]>
              </value>
            </param>
            <param index="7">
              <value>
                <![CDATA[评论成功]]>
              </value>
            </param>
          </params>
          <exception class="java.lang.AssertionError">
            <message>
              <![CDATA[expected [false] but found [true]]]>
            </message>
            <full-stacktrace>
              <![CDATA[java.lang.AssertionError: expected [false] but found [true]
at org.testng.Assert.fail(Assert.java:96)
at org.testng.Assert.failNotEquals(Assert.java:776)
at org.testng.Assert.assertFalse(Assert.java:65)
at org.testng.Assert.assertFalse(Assert.java:75)
at com.imooc.selenium.selenium.MusicCloudTest2.f2(MusicCloudTest2.java:123)
at sun.reflect.NativeMethodAccessorImpl.invoke0(Native Method)
at sun.reflect.NativeMethodAccessorImpl.invoke(NativeMethodAccessorImpl.java:57)
at sun.reflect.DelegatingMethodAccessorImpl.invoke(DelegatingMethodAccessorImpl.java:43)
at java.lang.reflect.Method.invoke(Method.java:606)
at org.testng.internal.MethodInvocationHelper.invokeMethod(MethodInvocationHelper.java:124)
at org.testng.internal.Invoker.invokeMethod(Invoker.java:583)
at org.testng.internal.Invoker.invokeTestMethod(Invoker.java:719)
at org.testng.internal.Invoker.invokeTestMethods(Invoker.java:989)
at org.testng.internal.TestMethodWorker.invokeTestMethods(TestMethodWorker.java:125)
at org.testng.internal.TestMethodWorker.run(TestMethodWorker.java:109)
at org.testng.TestRunner.privateRun(TestRunner.java:648)
at org.testng.TestRunner.run(TestRunner.java:505)
at org.testng.SuiteRunner.runTest(SuiteRunner.java:455)
at org.testng.SuiteRunner.runSequentially(SuiteRunner.java:450)
at org.testng.SuiteRunner.privateRun(SuiteRunner.java:415)
at org.testng.SuiteRunner.run(SuiteRunner.java:364)
at org.testng.SuiteRunnerWorker.runSuite(SuiteRunnerWorker.java:52)
at org.testng.SuiteRunnerWorker.run(SuiteRunnerWorker.java:84)
at org.testng.TestNG.runSuitesSequentially(TestNG.java:1208)
at org.testng.TestNG.runSuitesLocally(TestNG.java:1137)
at org.testng.TestNG.runSuites(TestNG.java:1049)
at org.testng.TestNG.run(TestNG.java:1017)
at org.testng.remote.AbstractRemoteTestNG.run(AbstractRemoteTestNG.java:114)
at org.testng.remote.RemoteTestNG.initAndRun(RemoteTestNG.java:251)
at org.testng.remote.RemoteTestNG.main(RemoteTestNG.java:77)
]]>
            </full-stacktrace>
          </exception> <!-- java.lang.AssertionError -->
          <reporter-output>
          </reporter-output>
        </test-method> <!-- f2 -->
        <test-method status="FAIL" signature="f2(java.lang.String, java.lang.String, org.openqa.selenium.By, org.openqa.selenium.By, org.openqa.selenium.By, org.openqa.selenium.By, java.lang.String, java.lang.String)[pri:0, instance:com.imooc.selenium.selenium.MusicCloudTest2@90bb332]" name="f2" duration-ms="13009" started-at="2019-06-20T09:25:39Z" data-provider="data2" finished-at="2019-06-20T09:25:52Z">
          <params>
            <param index="0">
              <value>
                <![CDATA[输入的内容包含表情]]>
              </value>
            </param>
            <param index="1">
              <value>
                <![CDATA[https://music.163.com/#/song?id=22006171]]>
              </value>
            </param>
            <param index="2">
              <value>
                <![CDATA[By.className: area]]>
              </value>
            </param>
            <param index="3">
              <value>
                <![CDATA[By.className: u-btn-1]]>
              </value>
            </param>
            <param index="4">
              <value>
                <![CDATA[By.className: sysmsg]]>
              </value>
            </param>
            <param index="5">
              <value>
                <![CDATA[By.id: g_iframe]]>
              </value>
            </param>
            <param index="6">
              <value>
                <![CDATA[[强][强][强]
好听，不錯哦！
]]>
              </value>
            </param>
            <param index="7">
              <value>
                <![CDATA[评论成功]]>
              </value>
            </param>
          </params>
          <exception class="java.lang.AssertionError">
            <message>
              <![CDATA[expected [false] but found [true]]]>
            </message>
            <full-stacktrace>
              <![CDATA[java.lang.AssertionError: expected [false] but found [true]
at org.testng.Assert.fail(Assert.java:96)
at org.testng.Assert.failNotEquals(Assert.java:776)
at org.testng.Assert.assertFalse(Assert.java:65)
at org.testng.Assert.assertFalse(Assert.java:75)
at com.imooc.selenium.selenium.MusicCloudTest2.f2(MusicCloudTest2.java:123)
at sun.reflect.NativeMethodAccessorImpl.invoke0(Native Method)
at sun.reflect.NativeMethodAccessorImpl.invoke(NativeMethodAccessorImpl.java:57)
at sun.reflect.DelegatingMethodAccessorImpl.invoke(DelegatingMethodAccessorImpl.java:43)
at java.lang.reflect.Method.invoke(Method.java:606)
at org.testng.internal.MethodInvocationHelper.invokeMethod(MethodInvocationHelper.java:124)
at org.testng.internal.Invoker.invokeMethod(Invoker.java:583)
at org.testng.internal.Invoker.invokeTestMethod(Invoker.java:719)
at org.testng.internal.Invoker.invokeTestMethods(Invoker.java:989)
at org.testng.internal.TestMethodWorker.invokeTestMethods(TestMethodWorker.java:125)
at org.testng.internal.TestMethodWorker.run(TestMethodWorker.java:109)
at org.testng.TestRunner.privateRun(TestRunner.java:648)
at org.testng.TestRunner.run(TestRunner.java:505)
at org.testng.SuiteRunner.runTest(SuiteRunner.java:455)
at org.testng.SuiteRunner.runSequentially(SuiteRunner.java:450)
at org.testng.SuiteRunner.privateRun(SuiteRunner.java:415)
at org.testng.SuiteRunner.run(SuiteRunner.java:364)
at org.testng.SuiteRunnerWorker.runSuite(SuiteRunnerWorker.java:52)
at org.testng.SuiteRunnerWorker.run(SuiteRunnerWorker.java:84)
at org.testng.TestNG.runSuitesSequentially(TestNG.java:1208)
at org.testng.TestNG.runSuitesLocally(TestNG.java:1137)
at org.testng.TestNG.runSuites(TestNG.java:1049)
at org.testng.TestNG.run(TestNG.java:1017)
at org.testng.remote.AbstractRemoteTestNG.run(AbstractRemoteTestNG.java:114)
at org.testng.remote.RemoteTestNG.initAndRun(RemoteTestNG.java:251)
at org.testng.remote.RemoteTestNG.main(RemoteTestNG.java:77)
]]>
            </full-stacktrace>
          </exception> <!-- java.lang.AssertionError -->
          <reporter-output>
          </reporter-output>
        </test-method> <!-- f2 -->
        <test-method status="FAIL" signature="f2(java.lang.String, java.lang.String, org.openqa.selenium.By, org.openqa.selenium.By, org.openqa.selenium.By, org.openqa.selenium.By, java.lang.String, java.lang.String)[pri:0, instance:com.imooc.selenium.selenium.MusicCloudTest2@90bb332]" name="f2" duration-ms="13004" started-at="2019-06-20T09:25:52Z" data-provider="data2" finished-at="2019-06-20T09:26:05Z">
          <params>
            <param index="0">
              <value>
                <![CDATA[输入的内容包含@{账号}]]>
              </value>
            </param>
            <param index="1">
              <value>
                <![CDATA[https://music.163.com/#/song?id=22006172]]>
              </value>
            </param>
            <param index="2">
              <value>
                <![CDATA[By.className: area]]>
              </value>
            </param>
            <param index="3">
              <value>
                <![CDATA[By.className: u-btn-1]]>
              </value>
            </param>
            <param index="4">
              <value>
                <![CDATA[By.className: sysmsg]]>
              </value>
            </param>
            <param index="5">
              <value>
                <![CDATA[By.id: g_iframe]]>
              </value>
            </param>
            <param index="6">
              <value>
                <![CDATA[@云音乐小秘书 厉害了
好听，不錯哦！
]]>
              </value>
            </param>
            <param index="7">
              <value>
                <![CDATA[评论成功]]>
              </value>
            </param>
          </params>
          <exception class="java.lang.AssertionError">
            <message>
              <![CDATA[expected [false] but found [true]]]>
            </message>
            <full-stacktrace>
              <![CDATA[java.lang.AssertionError: expected [false] but found [true]
at org.testng.Assert.fail(Assert.java:96)
at org.testng.Assert.failNotEquals(Assert.java:776)
at org.testng.Assert.assertFalse(Assert.java:65)
at org.testng.Assert.assertFalse(Assert.java:75)
at com.imooc.selenium.selenium.MusicCloudTest2.f2(MusicCloudTest2.java:123)
at sun.reflect.NativeMethodAccessorImpl.invoke0(Native Method)
at sun.reflect.NativeMethodAccessorImpl.invoke(NativeMethodAccessorImpl.java:57)
at sun.reflect.DelegatingMethodAccessorImpl.invoke(DelegatingMethodAccessorImpl.java:43)
at java.lang.reflect.Method.invoke(Method.java:606)
at org.testng.internal.MethodInvocationHelper.invokeMethod(MethodInvocationHelper.java:124)
at org.testng.internal.Invoker.invokeMethod(Invoker.java:583)
at org.testng.internal.Invoker.invokeTestMethod(Invoker.java:719)
at org.testng.internal.Invoker.invokeTestMethods(Invoker.java:989)
at org.testng.internal.TestMethodWorker.invokeTestMethods(TestMethodWorker.java:125)
at org.testng.internal.TestMethodWorker.run(TestMethodWorker.java:109)
at org.testng.TestRunner.privateRun(TestRunner.java:648)
at org.testng.TestRunner.run(TestRunner.java:505)
at org.testng.SuiteRunner.runTest(SuiteRunner.java:455)
at org.testng.SuiteRunner.runSequentially(SuiteRunner.java:450)
at org.testng.SuiteRunner.privateRun(SuiteRunner.java:415)
at org.testng.SuiteRunner.run(SuiteRunner.java:364)
at org.testng.SuiteRunnerWorker.runSuite(SuiteRunnerWorker.java:52)
at org.testng.SuiteRunnerWorker.run(SuiteRunnerWorker.java:84)
at org.testng.TestNG.runSuitesSequentially(TestNG.java:1208)
at org.testng.TestNG.runSuitesLocally(TestNG.java:1137)
at org.testng.TestNG.runSuites(TestNG.java:1049)
at org.testng.TestNG.run(TestNG.java:1017)
at org.testng.remote.AbstractRemoteTestNG.run(AbstractRemoteTestNG.java:114)
at org.testng.remote.RemoteTestNG.initAndRun(RemoteTestNG.java:251)
at org.testng.remote.RemoteTestNG.main(RemoteTestNG.java:77)
]]>
            </full-stacktrace>
          </exception> <!-- java.lang.AssertionError -->
          <reporter-output>
          </reporter-output>
        </test-method> <!-- f2 -->
        <test-method status="PASS" signature="f3(java.lang.String, java.lang.String, org.openqa.selenium.By, org.openqa.selenium.By, org.openqa.selenium.By, org.openqa.selenium.By, java.lang.String, java.lang.String)[pri:0, instance:com.imooc.selenium.selenium.MusicCloudTest2@90bb332]" name="f3" duration-ms="10671" started-at="2019-06-20T09:26:05Z" data-provider="data3" finished-at="2019-06-20T09:26:16Z">
          <params>
            <param index="0">
              <value>
                <![CDATA[输入的内容是空，发表评论失败]]>
              </value>
            </param>
            <param index="1">
              <value>
                <![CDATA[https://music.163.com/#/song?id=17673505]]>
              </value>
            </param>
            <param index="2">
              <value>
                <![CDATA[By.className: area]]>
              </value>
            </param>
            <param index="3">
              <value>
                <![CDATA[By.className: u-btn-1]]>
              </value>
            </param>
            <param index="4">
              <value>
                <![CDATA[By.className: sysmsg]]>
              </value>
            </param>
            <param index="5">
              <value>
                <![CDATA[By.xpath: //iframe[1]]]>
              </value>
            </param>
            <param index="6">
              <value>
                <![CDATA[]]>
              </value>
            </param>
            <param index="7">
              <value>
                <![CDATA[输入点内容再提交]]>
              </value>
            </param>
          </params>
          <reporter-output>
          </reporter-output>
        </test-method> <!-- f3 -->
        <test-method status="PASS" signature="f3(java.lang.String, java.lang.String, org.openqa.selenium.By, org.openqa.selenium.By, org.openqa.selenium.By, org.openqa.selenium.By, java.lang.String, java.lang.String)[pri:0, instance:com.imooc.selenium.selenium.MusicCloudTest2@90bb332]" name="f3" duration-ms="10134" started-at="2019-06-20T09:26:16Z" data-provider="data3" finished-at="2019-06-20T09:26:26Z">
          <params>
            <param index="0">
              <value>
                <![CDATA[输入的内容是空格，发表评论失败]]>
              </value>
            </param>
            <param index="1">
              <value>
                <![CDATA[https://music.163.com/#/song?id=17673505]]>
              </value>
            </param>
            <param index="2">
              <value>
                <![CDATA[By.className: area]]>
              </value>
            </param>
            <param index="3">
              <value>
                <![CDATA[By.className: u-btn-1]]>
              </value>
            </param>
            <param index="4">
              <value>
                <![CDATA[By.className: sysmsg]]>
              </value>
            </param>
            <param index="5">
              <value>
                <![CDATA[By.xpath: //iframe[1]]]>
              </value>
            </param>
            <param index="6">
              <value>
                <![CDATA[   ]]>
              </value>
            </param>
            <param index="7">
              <value>
                <![CDATA[输入点内容再提交]]>
              </value>
            </param>
          </params>
          <reporter-output>
          </reporter-output>
        </test-method> <!-- f3 -->
        <test-method status="PASS" signature="f3(java.lang.String, java.lang.String, org.openqa.selenium.By, org.openqa.selenium.By, org.openqa.selenium.By, org.openqa.selenium.By, java.lang.String, java.lang.String)[pri:0, instance:com.imooc.selenium.selenium.MusicCloudTest2@90bb332]" name="f3" duration-ms="11438" started-at="2019-06-20T09:26:26Z" data-provider="data3" finished-at="2019-06-20T09:26:37Z">
          <params>
            <param index="0">
              <value>
                <![CDATA[输入的内容过长，发表评论失败]]>
              </value>
            </param>
            <param index="1">
              <value>
                <![CDATA[https://music.163.com/#/song?id=17673505]]>
              </value>
            </param>
            <param index="2">
              <value>
                <![CDATA[By.className: area]]>
              </value>
            </param>
            <param index="3">
              <value>
                <![CDATA[By.className: u-btn-1]]>
              </value>
            </param>
            <param index="4">
              <value>
                <![CDATA[By.className: sysmsg]]>
              </value>
            </param>
            <param index="5">
              <value>
                <![CDATA[By.xpath: //iframe[1]]]>
              </value>
            </param>
            <param index="6">
              <value>
                <![CDATA[111111111111111111111111111111111111111111111111111111111111111111111111111111111111111111111111111111111111111111111111111111111111111111111111111111111111111111111111111111111111111111111111111111111111111111111111111111111111111111111111111111111111111111111111111111111111111111111111111111111111]]>
              </value>
            </param>
            <param index="7">
              <value>
                <![CDATA[输入不能超过140个字符]]>
              </value>
            </param>
          </params>
          <reporter-output>
          </reporter-output>
        </test-method> <!-- f3 -->
        <test-method status="PASS" signature="f3(java.lang.String, java.lang.String, org.openqa.selenium.By, org.openqa.selenium.By, org.openqa.selenium.By, org.openqa.selenium.By, java.lang.String, java.lang.String)[pri:0, instance:com.imooc.selenium.selenium.MusicCloudTest2@90bb332]" name="f3" duration-ms="10588" started-at="2019-06-20T09:26:37Z" data-provider="data3" finished-at="2019-06-20T09:26:48Z">
          <params>
            <param index="0">
              <value>
                <![CDATA[输入的内容包含特殊字符]]>
              </value>
            </param>
            <param index="1">
              <value>
                <![CDATA[https://music.163.com/#/song?id=17673505]]>
              </value>
            </param>
            <param index="2">
              <value>
                <![CDATA[By.className: area]]>
              </value>
            </param>
            <param index="3">
              <value>
                <![CDATA[By.className: u-btn-1]]>
              </value>
            </param>
            <param index="4">
              <value>
                <![CDATA[By.className: sysmsg]]>
              </value>
            </param>
            <param index="5">
              <value>
                <![CDATA[By.xpath: //iframe[1]]]>
              </value>
            </param>
            <param index="6">
              <value>
                <![CDATA[@好听，不錯哦！@#￥%&*<>
';,{}[]=+好听，不錯哦！
]]>
              </value>
            </param>
            <param index="7">
              <value>
                <![CDATA[评论成功]]>
              </value>
            </param>
          </params>
          <reporter-output>
          </reporter-output>
        </test-method> <!-- f3 -->
        <test-method status="PASS" signature="f3(java.lang.String, java.lang.String, org.openqa.selenium.By, org.openqa.selenium.By, org.openqa.selenium.By, org.openqa.selenium.By, java.lang.String, java.lang.String)[pri:0, instance:com.imooc.selenium.selenium.MusicCloudTest2@90bb332]" name="f3" duration-ms="10267" started-at="2019-06-20T09:26:48Z" data-provider="data3" finished-at="2019-06-20T09:26:58Z">
          <params>
            <param index="0">
              <value>
                <![CDATA[输入的内容包含qq号码，发表评论失败]]>
              </value>
            </param>
            <param index="1">
              <value>
                <![CDATA[https://music.163.com/#/song?id=17673505]]>
              </value>
            </param>
            <param index="2">
              <value>
                <![CDATA[By.className: area]]>
              </value>
            </param>
            <param index="3">
              <value>
                <![CDATA[By.className: u-btn-1]]>
              </value>
            </param>
            <param index="4">
              <value>
                <![CDATA[By.className: sysmsg]]>
              </value>
            </param>
            <param index="5">
              <value>
                <![CDATA[By.xpath: //iframe[1]]]>
              </value>
            </param>
            <param index="6">
              <value>
                <![CDATA[发票，QQ876295854]]>
              </value>
            </param>
            <param index="7">
              <value>
                <![CDATA[评论成功]]>
              </value>
            </param>
          </params>
          <reporter-output>
          </reporter-output>
        </test-method> <!-- f3 -->
        <test-method status="PASS" signature="f3(java.lang.String, java.lang.String, org.openqa.selenium.By, org.openqa.selenium.By, org.openqa.selenium.By, org.openqa.selenium.By, java.lang.String, java.lang.String)[pri:0, instance:com.imooc.selenium.selenium.MusicCloudTest2@90bb332]" name="f3" duration-ms="10475" started-at="2019-06-20T09:26:58Z" data-provider="data3" finished-at="2019-06-20T09:27:09Z">
          <params>
            <param index="0">
              <value>
                <![CDATA[输入的内容包含手机号码，发表评论失败]]>
              </value>
            </param>
            <param index="1">
              <value>
                <![CDATA[https://music.163.com/#/song?id=17673505]]>
              </value>
            </param>
            <param index="2">
              <value>
                <![CDATA[By.className: area]]>
              </value>
            </param>
            <param index="3">
              <value>
                <![CDATA[By.className: u-btn-1]]>
              </value>
            </param>
            <param index="4">
              <value>
                <![CDATA[By.className: sysmsg]]>
              </value>
            </param>
            <param index="5">
              <value>
                <![CDATA[By.xpath: //iframe[1]]]>
              </value>
            </param>
            <param index="6">
              <value>
                <![CDATA[发票，17721038951]]>
              </value>
            </param>
            <param index="7">
              <value>
                <![CDATA[评论成功]]>
              </value>
            </param>
          </params>
          <reporter-output>
          </reporter-output>
        </test-method> <!-- f3 -->
      </class> <!-- com.imooc.selenium.selenium.MusicCloudTest2 -->
      <class name="com.imooc.selenium.selenium.MusicCloudTest">
        <test-method status="PASS" signature="beforeTest()[pri:0, instance:com.imooc.selenium.selenium.MusicCloudTest@2f229b73]" name="beforeTest" is-config="true" duration-ms="3907" started-at="2019-06-20T09:24:00Z" finished-at="2019-06-20T09:24:04Z">
          <reporter-output>
          </reporter-output>
        </test-method> <!-- beforeTest -->
        <test-method status="PASS" signature="beforeTest()[pri:0, instance:com.imooc.selenium.selenium.MusicCloudTest2@90bb332]" name="beforeTest" is-config="true" duration-ms="25847" started-at="2019-06-20T09:24:04Z" finished-at="2019-06-20T09:24:30Z">
          <reporter-output>
          </reporter-output>
        </test-method> <!-- beforeTest -->
        <test-method status="PASS" signature="f1(java.lang.String, java.lang.String, org.openqa.selenium.By, org.openqa.selenium.By, java.lang.String)[pri:0, instance:com.imooc.selenium.selenium.MusicCloudTest@2f229b73]" name="f1" duration-ms="14238" started-at="2019-06-20T09:24:30Z" data-provider="data1" finished-at="2019-06-20T09:24:44Z">
          <params>
            <param index="0">
              <value>
                <![CDATA[非登录状态，发表评论失败]]>
              </value>
            </param>
            <param index="1">
              <value>
                <![CDATA[https://music.163.com/#/song?id=29099236]]>
              </value>
            </param>
            <param index="2">
              <value>
                <![CDATA[By.className: area]]>
              </value>
            </param>
            <param index="3">
              <value>
                <![CDATA[By.className: n-log2]]>
              </value>
            </param>
            <param index="4">
              <value>
                <![CDATA[手机号登录]]>
              </value>
            </param>
          </params>
          <reporter-output>
          </reporter-output>
        </test-method> <!-- f1 -->
        <test-method status="PASS" signature="afterTest()[pri:0, instance:com.imooc.selenium.selenium.MusicCloudTest@2f229b73]" name="afterTest" is-config="true" duration-ms="1094" started-at="2019-06-20T09:27:09Z" finished-at="2019-06-20T09:27:10Z">
          <reporter-output>
          </reporter-output>
        </test-method> <!-- afterTest -->
        <test-method status="PASS" signature="afterTest()[pri:0, instance:com.imooc.selenium.selenium.MusicCloudTest2@90bb332]" name="afterTest" is-config="true" duration-ms="1133" started-at="2019-06-20T09:27:10Z" finished-at="2019-06-20T09:27:11Z">
          <reporter-output>
          </reporter-output>
        </test-method> <!-- afterTest -->
      </class> <!-- com.imooc.selenium.selenium.MusicCloudTest -->
    </test> <!-- MusicCloudTest -->
  </suite> <!-- test -->
</testng-results>
